#
# There is insufficient memory for the Java Runtime Environment to continue.
# Native memory allocation (malloc) failed to allocate 32744 bytes for Chunk::new
# Possible reasons:
#   The system is out of physical RAM or swap space
#   The process is running with CompressedOops enabled, and the Java Heap may be blocking the growth of the native heap
# Possible solutions:
#   Reduce memory load on the system
#   Increase physical memory or swap space
#   Check if swap backing store is full
#   Decrease Java heap size (-Xmx/-Xms)
#   Decrease number of Java threads
#   Decrease Java thread stack sizes (-Xss)
#   Set larger code cache with -XX:ReservedCodeCacheSize=
#   JVM is running with Unscaled Compressed Oops mode in which the Java heap is
#     placed in the first 4GB address space. The Java Heap base address is the
#     maximum limit for the native heap growth. Please use -XX:HeapBaseMinAddress
#     to set the Java Heap base and to place the Java Heap above 4GB virtual address.
# This output file may be truncated or incomplete.
#
#  Out of Memory Error (arena.cpp:184), pid=3396, tid=7424
#
# JRE version: Java(TM) SE Runtime Environment (20.0.2+9) (build 20.0.2+9-78)
# Java VM: Java HotSpot(TM) 64-Bit Server VM (20.0.2+9-78, mixed mode, sharing, tiered, compressed oops, compressed class ptrs, g1 gc, windows-amd64)
# No core dump will be written. Minidumps are not enabled by default on client versions of Windows
#

---------------  S U M M A R Y ------------

Command Line: -Dfile.encoding=UTF-8 --module-path=C:\Users\Adisu\Documents\NetBeansProjects\ASimulatorSystem\build\classes ASimulatorSystem.Signup2

Host: Intel(R) Celeron(R) CPU N3350 @ 1.10GHz, 2 cores, 1G,  Windows 10 , 64 bit Build 16299 (10.0.16299.1127)
Time: Wed Sep 27 13:18:43 2023 India Standard Time elapsed time: 1316.291289 seconds (0d 0h 21m 56s)

---------------  T H R E A D  ---------------

Current thread (0x000001bc7581a340):  JavaThread "C1 CompilerThread0" daemon [_thread_in_native, id=7424, stack(0x000000b582300000,0x000000b582400000)]


Current CompileTask:
C1:1316293 2286       3       java.net.URLStreamHandler::parseURL (1124 bytes)

Stack: [0x000000b582300000,0x000000b582400000]
Native frames: (J=compiled Java code, j=interpreted, Vv=VM code, C=native code)
V  [jvm.dll+0x6bc25a]
V  [jvm.dll+0x84971a]
V  [jvm.dll+0x84b315]
V  [jvm.dll+0x84ba13]
V  [jvm.dll+0x280e4f]
V  [jvm.dll+0xc2ab1]
V  [jvm.dll+0xc2dd5]
V  [jvm.dll+0x170f2c]
V  [jvm.dll+0x181ec5]
V  [jvm.dll+0x170180]
V  [jvm.dll+0x158967]
V  [jvm.dll+0x1582e2]
V  [jvm.dll+0x158514]
V  [jvm.dll+0x157956]
V  [jvm.dll+0x15968d]
V  [jvm.dll+0x25a0eb]
V  [jvm.dll+0x2587c0]
V  [jvm.dll+0x3f2dd5]
V  [jvm.dll+0x7f5c76]
V  [jvm.dll+0x6baecb]
C  [ucrtbase.dll+0x1fa95]
C  [KERNEL32.DLL+0x137e4]
C  [ntdll.dll+0x6cb81]


---------------  P R O C E S S  ---------------

Threads class SMR info:
_java_thread_list=0x000001bc7a843680, length=17, elements={
0x000001bc757c43f0, 0x000001bc757c5390, 0x000001bc757c8240, 0x000001bc757c9cf0,
0x000001bc757ca630, 0x000001bc757caf70, 0x000001bc757cbbe0, 0x000001bc7581a340,
0x000001bc79c20080, 0x000001bc79d803d0, 0x000001bc79dc5910, 0x000001bc79eabbe0,
0x000001bc79eaecc0, 0x000001bc79ff6870, 0x000001bc59d97000, 0x000001bc757e8c40,
0x000001bc757e86f0
}

Java Threads: ( => current thread )
  0x000001bc757c43f0 JavaThread "Reference Handler" daemon [_thread_blocked, id=2348, stack(0x000000b581c00000,0x000000b581d00000)]
  0x000001bc757c5390 JavaThread "Finalizer" daemon [_thread_blocked, id=7400, stack(0x000000b581d00000,0x000000b581e00000)]
  0x000001bc757c8240 JavaThread "Signal Dispatcher" daemon [_thread_blocked, id=4180, stack(0x000000b581e00000,0x000000b581f00000)]
  0x000001bc757c9cf0 JavaThread "Attach Listener" daemon [_thread_blocked, id=5236, stack(0x000000b581f00000,0x000000b582000000)]
  0x000001bc757ca630 JavaThread "Service Thread" daemon [_thread_blocked, id=3436, stack(0x000000b582000000,0x000000b582100000)]
  0x000001bc757caf70 JavaThread "Monitor Deflation Thread" daemon [_thread_blocked, id=3952, stack(0x000000b582100000,0x000000b582200000)]
  0x000001bc757cbbe0 JavaThread "C2 CompilerThread0" daemon [_thread_blocked, id=7808, stack(0x000000b582200000,0x000000b582300000)]
=>0x000001bc7581a340 JavaThread "C1 CompilerThread0" daemon [_thread_in_native, id=7424, stack(0x000000b582300000,0x000000b582400000)]
  0x000001bc79c20080 JavaThread "Common-Cleaner" daemon [_thread_blocked, id=456, stack(0x000000b582400000,0x000000b582500000)]
  0x000001bc79d803d0 JavaThread "Notification Thread" daemon [_thread_blocked, id=968, stack(0x000000b582500000,0x000000b582600000)]
  0x000001bc79dc5910 JavaThread "Java2D Disposer" daemon [_thread_blocked, id=10252, stack(0x000000b582700000,0x000000b582800000)]
  0x000001bc79eabbe0 JavaThread "AWT-Shutdown" [_thread_blocked, id=2632, stack(0x000000b582800000,0x000000b582900000)]
  0x000001bc79eaecc0 JavaThread "AWT-Windows" daemon [_thread_in_native, id=864, stack(0x000000b582900000,0x000000b582a00000)]
  0x000001bc79ff6870 JavaThread "AWT-EventQueue-0" [_thread_blocked, id=6772, stack(0x000000b582c00000,0x000000b582d00000)]
  0x000001bc59d97000 JavaThread "DestroyJavaVM" [_thread_blocked, id=8148, stack(0x000000b581400000,0x000000b581500000)]
  0x000001bc757e8c40 JavaThread "TimerQueue" daemon [_thread_blocked, id=8892, stack(0x000000b582f00000,0x000000b583000000)]
  0x000001bc757e86f0 JavaThread "mysql-cj-abandoned-connection-cleanup" daemon [_thread_blocked, id=10688, stack(0x000000b583000000,0x000000b583100000)]

Other Threads:
  0x000001bc757a7660 VMThread "VM Thread" [stack: 0x000000b581a00000,0x000000b581b00000] [id=11008]
  0x000001bc79d80920 WatcherThread "VM Periodic Task Thread" [stack: 0x000000b582600000,0x000000b582700000] [id=956]
  0x000001bc59dc73d0 WorkerThread "GC Thread#0" [stack: 0x000000b581500000,0x000000b581600000] [id=9660]
  0x000001bc79ff24c0 WorkerThread "GC Thread#1" [stack: 0x000000b582b00000,0x000000b582c00000] [id=1328]
  0x000001bc59dcbd30 ConcurrentGCThread "G1 Main Marker" [stack: 0x000000b581600000,0x000000b581700000] [id=9100]
  0x000001bc59dcc810 WorkerThread "G1 Conc#0" [stack: 0x000000b581700000,0x000000b581800000] [id=8064]
  0x000001bc59e086d0 ConcurrentGCThread "G1 Refine#0" [stack: 0x000000b581800000,0x000000b581900000] [id=5256]
  0x000001bc59e09080 ConcurrentGCThread "G1 Service" [stack: 0x000000b581900000,0x000000b581a00000] [id=6952]

Threads with active compile tasks:
C1 CompilerThread0  1316421 2286       3       java.net.URLStreamHandler::parseURL (1124 bytes)

VM state: not at safepoint (normal execution)

VM Mutex/Monitor currently owned by a thread: None

Heap address: 0x00000000e2a00000, size: 470 MB, Compressed Oops mode: 32-bit

CDS archive(s) mapped at: [0x000001bc00000000-0x000001bc00c60000-0x000001bc00c60000), size 12976128, SharedBaseAddress: 0x000001bc00000000, ArchiveRelocationMode: 1.
Compressed class space mapped at: 0x000001bc01000000-0x000001bc41000000, reserved size: 1073741824
Narrow klass base: 0x000001bc00000000, Narrow klass shift: 0, Narrow klass range: 0x100000000

GC Precious Log:
 CardTable entry size: 512
 Card Set container configuration: InlinePtr #cards 5 size 8 Array Of Cards #cards 12 size 40 Howl #buckets 4 coarsen threshold 1843 Howl Bitmap #cards 512 size 80 coarsen threshold 460 Card regions per heap region 1 cards per card region 2048
 CPUs: 2 total, 2 available
 Memory: 1879M
 Large Page Support: Disabled
 NUMA Support: Disabled
 Compressed Oops: Enabled (32-bit)
 Heap Region Size: 1M
 Heap Min Capacity: 8M
 Heap Initial Capacity: 30M
 Heap Max Capacity: 470M
 Pre-touch: Disabled
 Parallel Workers: 2
 Concurrent Workers: 1
 Concurrent Refinement Workers: 2
 Periodic GC: Disabled

Heap:
 garbage-first heap   total 30720K, used 13512K [0x00000000e2a00000, 0x0000000100000000)
  region size 1024K, 10 young (10240K), 2 survivors (2048K)
 Metaspace       used 14209K, committed 14464K, reserved 1114112K
  class space    used 1550K, committed 1664K, reserved 1048576K

Heap Regions: E=young(eden), S=young(survivor), O=old, HS=humongous(starts), HC=humongous(continues), CS=collection set, F=free, OA=open archive, CA=closed archive, TAMS=top-at-mark-start, PB=parsable bottom
|   0|0x00000000e2a00000, 0x00000000e2b00000, 0x00000000e2b00000|100%| O|  |TAMS 0x00000000e2a00000| PB 0x00000000e2a00000| Untracked 
|   1|0x00000000e2b00000, 0x00000000e2c00000, 0x00000000e2c00000|100%| O|  |TAMS 0x00000000e2b00000| PB 0x00000000e2b00000| Untracked 
|   2|0x00000000e2c00000, 0x00000000e2d00000, 0x00000000e2d00000|100%|HS|  |TAMS 0x00000000e2c00000| PB 0x00000000e2c00000| Complete 
|   3|0x00000000e2d00000, 0x00000000e2e00000, 0x00000000e2e00000|100%|HC|  |TAMS 0x00000000e2d00000| PB 0x00000000e2d00000| Complete 
|   4|0x00000000e2e00000, 0x00000000e2f00000, 0x00000000e2f00000|100%|HC|  |TAMS 0x00000000e2e00000| PB 0x00000000e2e00000| Complete 
|   5|0x00000000e2f00000, 0x00000000e2f5c000, 0x00000000e3000000| 35%| O|  |TAMS 0x00000000e2f00000| PB 0x00000000e2f00000| Untracked 
|   6|0x00000000e3000000, 0x00000000e3000000, 0x00000000e3100000|  0%| F|  |TAMS 0x00000000e3000000| PB 0x00000000e3000000| Untracked 
|   7|0x00000000e3100000, 0x00000000e3100000, 0x00000000e3200000|  0%| F|  |TAMS 0x00000000e3100000| PB 0x00000000e3100000| Untracked 
|   8|0x00000000e3200000, 0x00000000e3200000, 0x00000000e3300000|  0%| F|  |TAMS 0x00000000e3200000| PB 0x00000000e3200000| Untracked 
|   9|0x00000000e3300000, 0x00000000e3300000, 0x00000000e3400000|  0%| F|  |TAMS 0x00000000e3300000| PB 0x00000000e3300000| Untracked 
|  10|0x00000000e3400000, 0x00000000e3400000, 0x00000000e3500000|  0%| F|  |TAMS 0x00000000e3400000| PB 0x00000000e3400000| Untracked 
|  11|0x00000000e3500000, 0x00000000e3500000, 0x00000000e3600000|  0%| F|  |TAMS 0x00000000e3500000| PB 0x00000000e3500000| Untracked 
|  12|0x00000000e3600000, 0x00000000e3600000, 0x00000000e3700000|  0%| F|  |TAMS 0x00000000e3600000| PB 0x00000000e3600000| Untracked 
|  13|0x00000000e3700000, 0x00000000e3700000, 0x00000000e3800000|  0%| F|  |TAMS 0x00000000e3700000| PB 0x00000000e3700000| Untracked 
|  14|0x00000000e3800000, 0x00000000e3800000, 0x00000000e3900000|  0%| F|  |TAMS 0x00000000e3800000| PB 0x00000000e3800000| Untracked 
|  15|0x00000000e3900000, 0x00000000e3900000, 0x00000000e3a00000|  0%| F|  |TAMS 0x00000000e3900000| PB 0x00000000e3900000| Untracked 
|  16|0x00000000e3a00000, 0x00000000e3a00000, 0x00000000e3b00000|  0%| F|  |TAMS 0x00000000e3a00000| PB 0x00000000e3a00000| Untracked 
|  17|0x00000000e3b00000, 0x00000000e3b00000, 0x00000000e3c00000|  0%| F|  |TAMS 0x00000000e3b00000| PB 0x00000000e3b00000| Untracked 
|  18|0x00000000e3c00000, 0x00000000e3cd6178, 0x00000000e3d00000| 83%| S|CS|TAMS 0x00000000e3c00000| PB 0x00000000e3c00000| Complete 
|  19|0x00000000e3d00000, 0x00000000e3e00000, 0x00000000e3e00000|100%| S|CS|TAMS 0x00000000e3d00000| PB 0x00000000e3d00000| Complete 
|  20|0x00000000e3e00000, 0x00000000e3e00000, 0x00000000e3f00000|  0%| F|  |TAMS 0x00000000e3e00000| PB 0x00000000e3e00000| Untracked 
|  21|0x00000000e3f00000, 0x00000000e3f00000, 0x00000000e4000000|  0%| F|  |TAMS 0x00000000e3f00000| PB 0x00000000e3f00000| Untracked 
|  22|0x00000000e4000000, 0x00000000e40a23f8, 0x00000000e4100000| 63%| E|  |TAMS 0x00000000e4000000| PB 0x00000000e4000000| Complete 
|  23|0x00000000e4100000, 0x00000000e4200000, 0x00000000e4200000|100%| E|  |TAMS 0x00000000e4100000| PB 0x00000000e4100000| Complete 
|  24|0x00000000e4200000, 0x00000000e4300000, 0x00000000e4300000|100%| E|CS|TAMS 0x00000000e4200000| PB 0x00000000e4200000| Complete 
|  25|0x00000000e4300000, 0x00000000e4400000, 0x00000000e4400000|100%| E|CS|TAMS 0x00000000e4300000| PB 0x00000000e4300000| Complete 
|  26|0x00000000e4400000, 0x00000000e4500000, 0x00000000e4500000|100%| E|CS|TAMS 0x00000000e4400000| PB 0x00000000e4400000| Complete 
|  27|0x00000000e4500000, 0x00000000e4600000, 0x00000000e4600000|100%| E|CS|TAMS 0x00000000e4500000| PB 0x00000000e4500000| Complete 
|  28|0x00000000e4600000, 0x00000000e4700000, 0x00000000e4700000|100%| E|CS|TAMS 0x00000000e4600000| PB 0x00000000e4600000| Complete 
|  29|0x00000000e4700000, 0x00000000e4800000, 0x00000000e4800000|100%| E|CS|TAMS 0x00000000e4700000| PB 0x00000000e4700000| Complete 

Card table byte_map: [0x000001bc72b20000,0x000001bc72c10000] _byte_map_base: 0x000001bc7240b000

Marking Bits: (CMBitMap*) 0x000001bc59dc7910
 Bits: [0x000001bc72d00000, 0x000001bc73458000)

Polling page: 0x000001bc59b20000

Metaspace:

Usage:
  Non-class:     12.36 MB used.
      Class:      1.51 MB used.
       Both:     13.88 MB used.

Virtual space:
  Non-class space:       64.00 MB reserved,      12.50 MB ( 20%) committed,  1 nodes.
      Class space:        1.00 GB reserved,       1.63 MB ( <1%) committed,  1 nodes.
             Both:        1.06 GB reserved,      14.13 MB (  1%) committed. 

Chunk freelists:
   Non-Class:  3.09 MB
       Class:  2.42 MB
        Both:  5.52 MB

MaxMetaspaceSize: unlimited
CompressedClassSpaceSize: 1.00 GB
Initial GC threshold: 21.00 MB
Current GC threshold: 21.00 MB
CDS: on
MetaspaceReclaimPolicy: balanced
 - commit_granule_bytes: 65536.
 - commit_granule_words: 8192.
 - virtual_space_node_default_size: 8388608.
 - enlarge_chunks_in_place: 1.
 - new_chunks_are_fully_committed: 0.
 - uncommit_free_chunks: 1.
 - use_allocation_guard: 0.


Internal statistics:

num_allocs_failed_limit: 0.
num_arena_births: 212.
num_arena_deaths: 0.
num_vsnodes_births: 2.
num_vsnodes_deaths: 0.
num_space_committed: 226.
num_space_uncommitted: 0.
num_chunks_returned_to_freelist: 0.
num_chunks_taken_from_freelist: 402.
num_chunk_merges: 0.
num_chunk_splits: 250.
num_chunks_enlarged: 130.
num_inconsistent_stats: 0.

CodeHeap 'non-profiled nmethods': size=120064Kb used=703Kb max_used=703Kb free=119360Kb
 bounds [0x000001bc6b0f0000, 0x000001bc6b360000, 0x000001bc72630000]
CodeHeap 'profiled nmethods': size=120000Kb used=4340Kb max_used=4340Kb free=115659Kb
 bounds [0x000001bc63630000, 0x000001bc63a70000, 0x000001bc6ab60000]
CodeHeap 'non-nmethods': size=5696Kb used=1701Kb max_used=1718Kb free=3994Kb
 bounds [0x000001bc6ab60000, 0x000001bc6add0000, 0x000001bc6b0f0000]
 total_blobs=2970 nmethods=2284 adapters=597
 compilation: enabled
              stopped_count=0, restarted_count=0
 full_count=0

Compilation events (20 events):
Event: 1153.677 Thread 0x000001bc7581a340 nmethod 2275 0x000001bc63a66f90 code [0x000001bc63a67140, 0x000001bc63a67488]
Event: 1173.642 Thread 0x000001bc7581a340 2276       3       sun.net.util.IPAddressUtil::scan (62 bytes)
Event: 1173.665 Thread 0x000001bc7581a340 nmethod 2276 0x000001bc63a67610 code [0x000001bc63a67840, 0x000001bc63a68150]
Event: 1200.035 Thread 0x000001bc7581a340 2277       3       sun.net.util.IPAddressUtil::checkAuth (45 bytes)
Event: 1200.080 Thread 0x000001bc7581a340 nmethod 2277 0x000001bc63a68510 code [0x000001bc63a68780, 0x000001bc63a691c8]
Event: 1250.952 Thread 0x000001bc7581a340 2278       3       java.lang.Thread::isSupportedClassLoader (28 bytes)
Event: 1250.973 Thread 0x000001bc7581a340 nmethod 2278 0x000001bc63a69610 code [0x000001bc63a697c0, 0x000001bc63a69ad0]
Event: 1270.975 Thread 0x000001bc7581a340 2279       3       java.lang.Thread::getContextClassLoader (41 bytes)
Event: 1270.986 Thread 0x000001bc7581a340 nmethod 2279 0x000001bc63a69b90 code [0x000001bc63a69d60, 0x000001bc63a6a258]
Event: 1270.986 Thread 0x000001bc7581a340 2281       3       java.util.concurrent.locks.AbstractQueuedSynchronizer$ConditionObject::await (207 bytes)
Event: 1271.032 Thread 0x000001bc7581a340 nmethod 2281 0x000001bc63a6a390 code [0x000001bc63a6a660, 0x000001bc63a6b580]
Event: 1306.079 Thread 0x000001bc7581a340 2282       3       java.io.File::exists (34 bytes)
Event: 1306.091 Thread 0x000001bc7581a340 nmethod 2282 0x000001bc63a6bb90 code [0x000001bc63a6bd60, 0x000001bc63a6c170]
Event: 1306.091 Thread 0x000001bc7581a340 2283       3       java.io.FileSystem::hasBooleanAttributes (17 bytes)
Event: 1306.093 Thread 0x000001bc7581a340 nmethod 2283 0x000001bc63a6c310 code [0x000001bc63a6c4a0, 0x000001bc63a6c640]
Event: 1306.093 Thread 0x000001bc7581a340 2284   !   3       java.io.WinNTFileSystem::getBooleanAttributes (27 bytes)
Event: 1306.096 Thread 0x000001bc7581a340 nmethod 2284 0x000001bc63a6c710 code [0x000001bc63a6c8c0, 0x000001bc63a6cab8]
Event: 1316.103 Thread 0x000001bc7581a340 2285       3       sun.net.www.protocol.file.Handler::parseURL (18 bytes)
Event: 1316.109 Thread 0x000001bc7581a340 nmethod 2285 0x000001bc63a6cc10 code [0x000001bc63a6cdc0, 0x000001bc63a6cf78]
Event: 1316.109 Thread 0x000001bc7581a340 2286       3       java.net.URLStreamHandler::parseURL (1124 bytes)

GC Heap History (6 events):
Event: 3.176 GC heap before
{Heap before GC invocations=0 (full 0):
 garbage-first heap   total 30720K, used 5120K [0x00000000e2a00000, 0x0000000100000000)
  region size 1024K, 6 young (6144K), 0 survivors (0K)
 Metaspace       used 6315K, committed 6464K, reserved 1114112K
  class space    used 728K, committed 832K, reserved 1048576K
}
Event: 3.186 GC heap after
{Heap after GC invocations=1 (full 0):
 garbage-first heap   total 30720K, used 2608K [0x00000000e2a00000, 0x0000000100000000)
  region size 1024K, 1 young (1024K), 1 survivors (1024K)
 Metaspace       used 6315K, committed 6464K, reserved 1114112K
  class space    used 728K, committed 832K, reserved 1048576K
}
Event: 5.933 GC heap before
{Heap before GC invocations=1 (full 0):
 garbage-first heap   total 30720K, used 10800K [0x00000000e2a00000, 0x0000000100000000)
  region size 1024K, 6 young (6144K), 1 survivors (1024K)
 Metaspace       used 8655K, committed 8832K, reserved 1114112K
  class space    used 1005K, committed 1088K, reserved 1048576K
}
Event: 5.941 GC heap after
{Heap after GC invocations=2 (full 0):
 garbage-first heap   total 30720K, used 6512K [0x00000000e2a00000, 0x0000000100000000)
  region size 1024K, 1 young (1024K), 1 survivors (1024K)
 Metaspace       used 8655K, committed 8832K, reserved 1114112K
  class space    used 1005K, committed 1088K, reserved 1048576K
}
Event: 57.474 GC heap before
{Heap before GC invocations=2 (full 0):
 garbage-first heap   total 30720K, used 14704K [0x00000000e2a00000, 0x0000000100000000)
  region size 1024K, 10 young (10240K), 1 survivors (1024K)
 Metaspace       used 10943K, committed 11200K, reserved 1114112K
  class space    used 1215K, committed 1344K, reserved 1048576K
}
Event: 57.498 GC heap after
{Heap after GC invocations=3 (full 0):
 garbage-first heap   total 30720K, used 7368K [0x00000000e2a00000, 0x0000000100000000)
  region size 1024K, 2 young (2048K), 2 survivors (2048K)
 Metaspace       used 10943K, committed 11200K, reserved 1114112K
  class space    used 1215K, committed 1344K, reserved 1048576K
}

Dll operation events (11 events):
Event: 0.050 Loaded shared library C:\Program Files\Java\jdk-20\bin\java.dll
Event: 0.238 Loaded shared library C:\Program Files\Java\jdk-20\bin\jsvml.dll
Event: 1.882 Loaded shared library C:\Program Files\Java\jdk-20\bin\net.dll
Event: 1.903 Loaded shared library C:\Program Files\Java\jdk-20\bin\nio.dll
Event: 2.050 Loaded shared library C:\Program Files\Java\jdk-20\bin\zip.dll
Event: 2.101 Loaded shared library C:\Program Files\Java\jdk-20\bin\jimage.dll
Event: 2.188 Loaded shared library C:\Program Files\Java\jdk-20\bin\awt.dll
Event: 2.879 Loaded shared library C:\Program Files\Java\jdk-20\bin\javajpeg.dll
Event: 3.664 Loaded shared library C:\Program Files\Java\jdk-20\bin\freetype.dll
Event: 3.670 Loaded shared library C:\Program Files\Java\jdk-20\bin\fontmanager.dll
Event: 57.834 Loaded shared library C:\Program Files\Java\jdk-20\bin\extnet.dll

Deoptimization events (20 events):
Event: 57.257 Thread 0x000001bc79ff6870 Uncommon trap: trap_request=0xffffff45 fr.pc=0x000001bc6b17a300 relative=0x0000000000000080
Event: 57.257 Thread 0x000001bc79ff6870 Uncommon trap: reason=unstable_if action=reinterpret pc=0x000001bc6b17a300 method=java.security.AccessControlContext.combine([Ljava/security/ProtectionDomain;[Ljava/security/ProtectionDomain;)[Ljava/security/ProtectionDomain; @ 11 c2
Event: 57.257 Thread 0x000001bc79ff6870 DEOPT PACKING pc=0x000001bc6b17a300 sp=0x000000b582cfc860
Event: 57.257 Thread 0x000001bc79ff6870 DEOPT UNPACKING pc=0x000001bc6abc9d1c sp=0x000000b582cfc7d0 mode 2
Event: 57.286 Thread 0x000001bc79ff6870 Uncommon trap: trap_request=0xffffff45 fr.pc=0x000001bc6b13731c relative=0x00000000000001fc
Event: 57.286 Thread 0x000001bc79ff6870 Uncommon trap: reason=unstable_if action=reinterpret pc=0x000001bc6b13731c method=java.io.WinNTFileSystem.normalize(Ljava/lang/String;)Ljava/lang/String; @ 104 c2
Event: 57.286 Thread 0x000001bc79ff6870 DEOPT PACKING pc=0x000001bc6b13731c sp=0x000000b582cfd980
Event: 57.286 Thread 0x000001bc79ff6870 DEOPT UNPACKING pc=0x000001bc6abc9d1c sp=0x000000b582cfd8f8 mode 2
Event: 57.294 Thread 0x000001bc79ff6870 Uncommon trap: trap_request=0xffffff45 fr.pc=0x000001bc6b13d448 relative=0x0000000000000128
Event: 57.294 Thread 0x000001bc79ff6870 Uncommon trap: reason=unstable_if action=reinterpret pc=0x000001bc6b13d448 method=java.lang.ThreadLocal$ThreadLocalMap.getEntry(Ljava/lang/ThreadLocal;)Ljava/lang/ThreadLocal$ThreadLocalMap$Entry; @ 21 c2
Event: 57.294 Thread 0x000001bc79ff6870 DEOPT PACKING pc=0x000001bc6b13d448 sp=0x000000b582cfd340
Event: 57.294 Thread 0x000001bc79ff6870 DEOPT UNPACKING pc=0x000001bc6abc9d1c sp=0x000000b582cfd250 mode 2
Event: 57.426 Thread 0x000001bc79ff6870 Uncommon trap: trap_request=0xffffff45 fr.pc=0x000001bc6b136030 relative=0x00000000000000b0
Event: 57.426 Thread 0x000001bc79ff6870 Uncommon trap: reason=unstable_if action=reinterpret pc=0x000001bc6b136030 method=java.nio.Buffer.position(I)Ljava/nio/Buffer; @ 37 c2
Event: 57.426 Thread 0x000001bc79ff6870 DEOPT PACKING pc=0x000001bc6b136030 sp=0x000000b582cfb010
Event: 57.426 Thread 0x000001bc79ff6870 DEOPT UNPACKING pc=0x000001bc6abc9d1c sp=0x000000b582cfaf50 mode 2
Event: 57.433 Thread 0x000001bc79ff6870 Uncommon trap: trap_request=0xffffff45 fr.pc=0x000001bc6b135a2c relative=0x00000000000000ac
Event: 57.433 Thread 0x000001bc79ff6870 Uncommon trap: reason=unstable_if action=reinterpret pc=0x000001bc6b135a2c method=java.nio.Buffer.position(I)Ljava/nio/Buffer; @ 37 c2
Event: 57.433 Thread 0x000001bc79ff6870 DEOPT PACKING pc=0x000001bc6b135a2c sp=0x000000b582cfaff0
Event: 57.433 Thread 0x000001bc79ff6870 DEOPT UNPACKING pc=0x000001bc6abc9d1c sp=0x000000b582cfaf88 mode 2

Classes loaded (20 events):
Event: 58.181 Loading class sun/invoke/util/VerifyAccess$1
Event: 58.181 Loading class sun/invoke/util/VerifyAccess$1 done
Event: 58.320 Loading class java/util/TimerTask
Event: 58.321 Loading class java/util/TimerTask done
Event: 58.370 Loading class java/util/NoSuchElementException
Event: 58.370 Loading class java/util/NoSuchElementException done
Event: 58.404 Loading class java/lang/StringIndexOutOfBoundsException
Event: 58.405 Loading class java/lang/StringIndexOutOfBoundsException done
Event: 58.412 Loading class java/util/concurrent/atomic/AtomicReferenceFieldUpdater
Event: 58.412 Loading class java/util/concurrent/atomic/AtomicReferenceFieldUpdater done
Event: 58.413 Loading class java/util/concurrent/atomic/AtomicReferenceFieldUpdater$AtomicReferenceFieldUpdaterImpl
Event: 58.413 Loading class java/util/concurrent/atomic/AtomicReferenceFieldUpdater$AtomicReferenceFieldUpdaterImpl done
Event: 58.413 Loading class java/util/concurrent/atomic/AtomicReferenceFieldUpdater$AtomicReferenceFieldUpdaterImpl$1
Event: 58.413 Loading class java/util/concurrent/atomic/AtomicReferenceFieldUpdater$AtomicReferenceFieldUpdaterImpl$1 done
Event: 58.414 Loading class java/lang/Throwable$WrappedPrintStream
Event: 58.414 Loading class java/lang/Throwable$PrintStreamOrWriter
Event: 58.414 Loading class java/lang/Throwable$PrintStreamOrWriter done
Event: 58.414 Loading class java/lang/Throwable$WrappedPrintStream done
Event: 58.416 Loading class java/lang/StackTraceElement$HashedModules
Event: 58.416 Loading class java/lang/StackTraceElement$HashedModules done

Classes unloaded (0 events):
No events

Classes redefined (0 events):
No events

Internal exceptions (19 events):
Event: 1.915 Thread 0x000001bc59d97000 Exception <a 'sun/nio/fs/WindowsException'{0x00000000e461fee0}> (0x00000000e461fee0) 
thrown [s\open\src\hotspot\share\prims\jni.cpp, line 519]
Event: 1.941 Thread 0x000001bc59d97000 Exception <a 'sun/nio/fs/WindowsException'{0x00000000e4622420}> (0x00000000e4622420) 
thrown [s\open\src\hotspot\share\prims\jni.cpp, line 519]
Event: 2.130 Thread 0x000001bc59d97000 Exception <a 'java/lang/ClassNotFoundException'{0x00000000e46e6de0}: sun/awt/resources/spi/awtProvider> (0x00000000e46e6de0) 
thrown [s\open\src\hotspot\share\classfile\systemDictionary.cpp, line 305]
Event: 2.243 Thread 0x000001bc59d97000 Exception <a 'java/io/FileNotFoundException'{0x00000000e453e050}> (0x00000000e453e050) 
thrown [s\open\src\hotspot\share\prims\jni.cpp, line 519]
Event: 2.285 Thread 0x000001bc59d97000 Exception <a 'java/io/FileNotFoundException'{0x00000000e45682c8}> (0x00000000e45682c8) 
thrown [s\open\src\hotspot\share\prims\jni.cpp, line 519]
Event: 2.621 Thread 0x000001bc59d97000 Exception <a 'java/lang/NoSuchMethodError'{0x00000000e443b028}: 'void java.lang.invoke.DirectMethodHandle$Holder.invokeSpecial(java.lang.Object, java.lang.Object, java.lang.Object)'> (0x00000000e443b028) 
thrown [s\open\src\hotspot\share\interpreter\linkResolver.cpp, line 773]
Event: 2.656 Thread 0x000001bc59d97000 Exception <a 'java/lang/NoSuchMethodError'{0x00000000e4465b60}: 'java.lang.Object java.lang.invoke.DirectMethodHandle$Holder.newInvokeSpecial(java.lang.Object, java.lang.Object, java.lang.Object, java.lang.Object, java.lang.Object)'> (0x00000000e4465b60) 
thrown [s\open\src\hotspot\share\interpreter\linkResolver.cpp, line 773]
Event: 2.684 Thread 0x000001bc59d97000 Exception <a 'java/lang/NoSuchMethodError'{0x00000000e4496940}: 'java.lang.Object java.lang.invoke.DirectMethodHandle$Holder.invokeStatic(java.lang.Object, int, java.lang.Object)'> (0x00000000e4496940) 
thrown [s\open\src\hotspot\share\interpreter\linkResolver.cpp, line 773]
Event: 2.801 Thread 0x000001bc59d97000 Exception <a 'java/lang/ClassNotFoundException'{0x00000000e4352fd0}: com/sun/swing/internal/plaf/metal/resources/spi/metalProvider> (0x00000000e4352fd0) 
thrown [s\open\src\hotspot\share\classfile\systemDictionary.cpp, line 305]
Event: 2.805 Thread 0x000001bc59d97000 Exception <a 'java/lang/ClassNotFoundException'{0x00000000e4356f30}: com/sun/swing/internal/plaf/basic/resources/spi/basicProvider> (0x00000000e4356f30) 
thrown [s\open\src\hotspot\share\classfile\systemDictionary.cpp, line 305]
Event: 2.846 Thread 0x000001bc59d97000 Exception <a 'java/lang/NoSuchMethodError'{0x00000000e4376350}: 'int java.lang.invoke.Invokers$Holder.invokeExact_MT(java.lang.Object, java.lang.Object)'> (0x00000000e4376350) 
thrown [s\open\src\hotspot\share\interpreter\linkResolver.cpp, line 773]
Event: 2.883 Thread 0x000001bc79f31420 Exception <a 'java/lang/NoSuchMethodError'{0x00000000e43a6010}: 'java.lang.Object java.lang.invoke.DirectMethodHandle$Holder.newInvokeSpecial(java.lang.Object, java.lang.Object, java.lang.Object, int, int, int, int, int)'> (0x00000000e43a6010) 
thrown [s\open\src\hotspot\share\interpreter\linkResolver.cpp, line 773]
Event: 3.648 Thread 0x000001bc59d97000 Exception <a 'java/lang/NoSuchMethodError'{0x00000000e47a0578}: 'void java.lang.invoke.DirectMethodHandle$Holder.invokeStaticInit(java.lang.Object)'> (0x00000000e47a0578) 
thrown [s\open\src\hotspot\share\interpreter\linkResolver.cpp, line 773]
Event: 3.975 Thread 0x000001bc79eaecc0 Exception <a 'java/lang/NoSuchMethodError'{0x00000000e478a240}: 'void java.lang.invoke.DirectMethodHandle$Holder.invokeVirtual(java.lang.Object, java.lang.Object)'> (0x00000000e478a240) 
thrown [s\open\src\hotspot\share\interpreter\linkResolver.cpp, line 773]
Event: 12.807 Thread 0x000001bc79ff6870 Exception <a 'java/lang/NoSuchMethodError'{0x00000000e4155e28}: 'void java.lang.invoke.DirectMethodHandle$Holder.invokeStatic(java.lang.Object, java.lang.Object)'> (0x00000000e4155e28) 
thrown [s\open\src\hotspot\share\interpreter\linkResolver.cpp, line 773]
Event: 57.294 Thread 0x000001bc79ff6870 Implicit null exception at 0x000001bc6b13d38d to 0x000001bc6b13d428
Event: 57.397 Thread 0x000001bc79ff6870 Exception <a 'java/lang/NoSuchMethodError'{0x00000000e3e7b078}: 'java.lang.Object java.lang.invoke.DirectMethodHandle$Holder.invokeInterface(java.lang.Object, java.lang.Object)'> (0x00000000e3e7b078) 
thrown [s\open\src\hotspot\share\interpreter\linkResolver.cpp, line 773]
Event: 57.469 Thread 0x000001bc79ff6870 Exception <a 'java/lang/NoSuchMethodError'{0x00000000e3ef4498}: 'void java.lang.invoke.DirectMethodHandle$Holder.invokeStatic(java.lang.Object, java.lang.Object, java.lang.Object)'> (0x00000000e3ef4498) 
thrown [s\open\src\hotspot\share\interpreter\linkResolver.cpp, line 773]
Event: 57.474 Thread 0x000001bc79ff6870 Exception <a 'java/lang/NoSuchMethodError'{0x00000000e3efe258}: 'java.lang.Object java.lang.invoke.DirectMethodHandle$Holder.invokeVirtual(java.lang.Object, java.lang.Object, java.lang.Object)'> (0x00000000e3efe258) 
thrown [s\open\src\hotspot\share\interpreter\linkResolver.cpp, line 773]

VM Operations (20 events):
Event: 57.822 Executing VM operation: HandshakeAllThreads
Event: 57.822 Executing VM operation: HandshakeAllThreads done
Event: 58.082 Executing VM operation: HandshakeAllThreads
Event: 58.083 Executing VM operation: HandshakeAllThreads done
Event: 58.174 Executing VM operation: HandshakeAllThreads
Event: 58.174 Executing VM operation: HandshakeAllThreads done
Event: 59.168 Executing VM operation: Cleanup
Event: 59.168 Executing VM operation: Cleanup done
Event: 60.169 Executing VM operation: HandshakeAllThreads
Event: 60.169 Executing VM operation: HandshakeAllThreads done
Event: 71.245 Executing VM operation: Cleanup
Event: 71.245 Executing VM operation: Cleanup done
Event: 160.874 Executing VM operation: Cleanup
Event: 160.875 Executing VM operation: Cleanup done
Event: 529.299 Executing VM operation: Cleanup
Event: 529.301 Executing VM operation: Cleanup done
Event: 704.895 Executing VM operation: Cleanup
Event: 704.896 Executing VM operation: Cleanup done
Event: 1163.630 Executing VM operation: Cleanup
Event: 1163.639 Executing VM operation: Cleanup done

Events (20 events):
Event: 0.282 Thread 0x000001bc757c43f0 Thread added: 0x000001bc757c43f0
Event: 0.283 Thread 0x000001bc757c5390 Thread added: 0x000001bc757c5390
Event: 0.286 Thread 0x000001bc757c8240 Thread added: 0x000001bc757c8240
Event: 0.286 Thread 0x000001bc757c9cf0 Thread added: 0x000001bc757c9cf0
Event: 0.287 Thread 0x000001bc757ca630 Thread added: 0x000001bc757ca630
Event: 0.287 Thread 0x000001bc757caf70 Thread added: 0x000001bc757caf70
Event: 0.288 Thread 0x000001bc757cbbe0 Thread added: 0x000001bc757cbbe0
Event: 0.302 Thread 0x000001bc7581a340 Thread added: 0x000001bc7581a340
Event: 0.680 Thread 0x000001bc79c20080 Thread added: 0x000001bc79c20080
Event: 2.023 Thread 0x000001bc79d803d0 Thread added: 0x000001bc79d803d0
Event: 2.471 Thread 0x000001bc79dc5910 Thread added: 0x000001bc79dc5910
Event: 2.480 Thread 0x000001bc79eabbe0 Thread added: 0x000001bc79eabbe0
Event: 2.488 Thread 0x000001bc79eaecc0 Thread added: 0x000001bc79eaecc0
Event: 2.867 Thread 0x000001bc79f31420 Thread added: 0x000001bc79f31420
Event: 3.227 Thread 0x000001bc79ff6870 Thread added: 0x000001bc79ff6870
Event: 3.995 Thread 0x000001bc59d97000 Thread exited: 0x000001bc59d97000
Event: 3.995 Thread 0x000001bc59d97000 Thread added: 0x000001bc59d97000
Event: 7.958 Thread 0x000001bc79f31420 Thread exited: 0x000001bc79f31420
Event: 10.632 Thread 0x000001bc757e8c40 Thread added: 0x000001bc757e8c40
Event: 57.259 Thread 0x000001bc757e86f0 Thread added: 0x000001bc757e86f0


Dynamic libraries:
0x00007ff775650000 - 0x00007ff775660000 	C:\Program Files\Java\jdk-20\bin\java.exe
0x00007ffa50c20000 - 0x00007ffa50e00000 	C:\WINDOWS\SYSTEM32\ntdll.dll
0x00007ffa50b40000 - 0x00007ffa50bee000 	C:\WINDOWS\System32\KERNEL32.DLL
0x00007ffa4d140000 - 0x00007ffa4d3a6000 	C:\WINDOWS\System32\KERNELBASE.dll
0x00007ffa4d580000 - 0x00007ffa4d674000 	C:\WINDOWS\System32\ucrtbase.dll
0x00007ffa06e70000 - 0x00007ffa06e8b000 	C:\Program Files\Java\jdk-20\bin\VCRUNTIME140.dll
0x00007ffa492a0000 - 0x00007ffa492b9000 	C:\Program Files\Java\jdk-20\bin\jli.dll
0x00007ffa4ead0000 - 0x00007ffa4eb71000 	C:\WINDOWS\System32\ADVAPI32.dll
0x00007ffa50650000 - 0x00007ffa506ed000 	C:\WINDOWS\System32\msvcrt.dll
0x00007ffa4e100000 - 0x00007ffa4e15b000 	C:\WINDOWS\System32\sechost.dll
0x00007ffa50880000 - 0x00007ffa5099f000 	C:\WINDOWS\System32\RPCRT4.dll
0x00007ffa506f0000 - 0x00007ffa5087f000 	C:\WINDOWS\System32\USER32.dll
0x00007ffa4d020000 - 0x00007ffa4d040000 	C:\WINDOWS\System32\win32u.dll
0x00007ffa509f0000 - 0x00007ffa50a18000 	C:\WINDOWS\System32\GDI32.dll
0x00007ffa4d800000 - 0x00007ffa4d993000 	C:\WINDOWS\System32\gdi32full.dll
0x00007ffa4d040000 - 0x00007ffa4d0db000 	C:\WINDOWS\System32\msvcp_win.dll
0x00007ffa3a230000 - 0x00007ffa3a499000 	C:\WINDOWS\WinSxS\amd64_microsoft.windows.common-controls_6595b64144ccf1df_6.0.16299.1120_none_0f8b124e5a6a3e97\COMCTL32.dll
0x00007ffa46580000 - 0x00007ffa4658a000 	C:\WINDOWS\SYSTEM32\VERSION.dll
0x00007ffa4e7c0000 - 0x00007ffa4eac6000 	C:\WINDOWS\System32\combase.dll
0x00007ffa4d680000 - 0x00007ffa4d6f2000 	C:\WINDOWS\System32\bcryptPrimitives.dll
0x00007ffa509c0000 - 0x00007ffa509ed000 	C:\WINDOWS\System32\IMM32.DLL
0x00007ffa083a0000 - 0x00007ffa083ac000 	C:\Program Files\Java\jdk-20\bin\vcruntime140_1.dll
0x00007ffa06bf0000 - 0x00007ffa06c7e000 	C:\Program Files\Java\jdk-20\bin\msvcp140.dll
0x00007ffa06e90000 - 0x00007ffa07b28000 	C:\Program Files\Java\jdk-20\bin\server\jvm.dll
0x00007ffa3cc20000 - 0x00007ffa3cc29000 	C:\WINDOWS\SYSTEM32\WSOCK32.dll
0x00007ffa491f0000 - 0x00007ffa49213000 	C:\WINDOWS\SYSTEM32\WINMM.dll
0x00007ffa50510000 - 0x00007ffa5057c000 	C:\WINDOWS\System32\WS2_32.dll
0x00007ffa49190000 - 0x00007ffa491ba000 	C:\WINDOWS\SYSTEM32\WINMMBASE.dll
0x00007ffa4d7b0000 - 0x00007ffa4d7fa000 	C:\WINDOWS\System32\cfgmgr32.dll
0x00007ffa4cfc0000 - 0x00007ffa4cfd1000 	C:\WINDOWS\System32\kernel.appcore.dll
0x00007ffa06df0000 - 0x00007ffa06dfa000 	C:\Program Files\Java\jdk-20\bin\jimage.dll
0x00007ffa4ba30000 - 0x00007ffa4bbf8000 	C:\WINDOWS\SYSTEM32\DBGHELP.DLL
0x00007ffa39ce0000 - 0x00007ffa39d09000 	C:\WINDOWS\SYSTEM32\dbgcore.DLL
0x00007ffa06e00000 - 0x00007ffa06e26000 	C:\Program Files\Java\jdk-20\bin\java.dll
0x00007ffa06d10000 - 0x00007ffa06de7000 	C:\Program Files\Java\jdk-20\bin\jsvml.dll
0x00007ffa4eb80000 - 0x00007ffa4ffb8000 	C:\WINDOWS\System32\SHELL32.dll
0x00007ffa50460000 - 0x00007ffa50506000 	C:\WINDOWS\System32\shcore.dll
0x00007ffa4d9a0000 - 0x00007ffa4e0e7000 	C:\WINDOWS\System32\windows.storage.dll
0x00007ffa501c0000 - 0x00007ffa50211000 	C:\WINDOWS\System32\shlwapi.dll
0x00007ffa4cf70000 - 0x00007ffa4cfbc000 	C:\WINDOWS\System32\powrprof.dll
0x00007ffa4d000000 - 0x00007ffa4d01b000 	C:\WINDOWS\System32\profapi.dll
0x00007ffa38440000 - 0x00007ffa38453000 	C:\Program Files\Java\jdk-20\bin\net.dll
0x00007ffa454b0000 - 0x00007ffa4558e000 	C:\WINDOWS\SYSTEM32\WINHTTP.dll
0x00007ffa4c800000 - 0x00007ffa4c866000 	C:\WINDOWS\system32\mswsock.dll
0x00007ffa26690000 - 0x00007ffa266a6000 	C:\Program Files\Java\jdk-20\bin\nio.dll
0x00007ffa26670000 - 0x00007ffa26688000 	C:\Program Files\Java\jdk-20\bin\zip.dll
0x00007ffa056b0000 - 0x00007ffa05841000 	C:\Program Files\Java\jdk-20\bin\awt.dll
0x00007ffa50580000 - 0x00007ffa50644000 	C:\WINDOWS\System32\OLEAUT32.dll
0x00007ffa4a610000 - 0x00007ffa4a698000 	C:\WINDOWS\SYSTEM32\apphelp.dll
0x00007ffa4b3d0000 - 0x00007ffa4b3fa000 	C:\WINDOWS\system32\DWMAPI.DLL
0x00007ffa4a780000 - 0x00007ffa4a815000 	C:\WINDOWS\system32\uxtheme.dll
0x00007ffa339a0000 - 0x00007ffa33abe000 	C:\WINDOWS\system32\opengl32.dll
0x00007ffa33940000 - 0x00007ffa3396c000 	C:\WINDOWS\SYSTEM32\GLU32.dll
0x00007ffa50040000 - 0x00007ffa501a7000 	C:\WINDOWS\System32\MSCTF.dll
0x00007ffa4e5b0000 - 0x00007ffa4e6f9000 	C:\WINDOWS\System32\ole32.dll
0x00007ffa3c1d0000 - 0x00007ffa3c1fe000 	C:\Program Files\Java\jdk-20\bin\javajpeg.dll
0x00007ffa0a8f0000 - 0x00007ffa0a976000 	C:\Program Files\Java\jdk-20\bin\freetype.dll
0x00007ffa05860000 - 0x00007ffa05933000 	C:\Program Files\Java\jdk-20\bin\fontmanager.dll
0x00007ffa50220000 - 0x00007ffa502be000 	C:\WINDOWS\System32\clbcatq.dll
0x00007ffa48950000 - 0x00007ffa48afc000 	C:\WINDOWS\SYSTEM32\WindowsCodecs.dll
0x00007ffa30010000 - 0x00007ffa3005f000 	C:\WINDOWS\system32\dataexchange.dll
0x00007ffa49820000 - 0x00007ffa49b02000 	C:\WINDOWS\system32\d3d11.dll
0x00007ffa49b10000 - 0x00007ffa49c52000 	C:\WINDOWS\system32\dcomp.dll
0x00007ffa4bdd0000 - 0x00007ffa4be7f000 	C:\WINDOWS\system32\dxgi.dll
0x00007ffa4b550000 - 0x00007ffa4b6cb000 	C:\WINDOWS\system32\twinapi.appcore.dll
0x00007ffa4cad0000 - 0x00007ffa4caf5000 	C:\WINDOWS\system32\bcrypt.dll
0x00007ffa4b4c0000 - 0x00007ffa4b4e0000 	C:\WINDOWS\system32\RMCLIENT.dll
0x00007ffa45600000 - 0x00007ffa45698000 	C:\WINDOWS\System32\TextInputFramework.dll
0x00007ffa484c0000 - 0x00007ffa487ae000 	C:\WINDOWS\System32\CoreUIComponents.dll
0x00007ffa4c120000 - 0x00007ffa4c151000 	C:\WINDOWS\SYSTEM32\ntmarta.dll
0x00007ffa49740000 - 0x00007ffa4981c000 	C:\WINDOWS\System32\CoreMessaging.dll
0x00007ffa48380000 - 0x00007ffa484b6000 	C:\WINDOWS\SYSTEM32\wintypes.dll
0x00007ffa4c5e0000 - 0x00007ffa4c696000 	C:\WINDOWS\SYSTEM32\DNSAPI.dll
0x00007ffa50a20000 - 0x00007ffa50a28000 	C:\WINDOWS\System32\NSI.dll
0x00007ffa4c590000 - 0x00007ffa4c5c9000 	C:\WINDOWS\SYSTEM32\IPHLPAPI.DLL
0x00007ffa43f00000 - 0x00007ffa43f0a000 	C:\Windows\System32\rasadhlp.dll
0x00007ffa45590000 - 0x00007ffa45600000 	C:\WINDOWS\System32\fwpuclnt.dll
0x00007ffa43020000 - 0x00007ffa43027000 	C:\Program Files\Java\jdk-20\bin\extnet.dll

dbghelp: loaded successfully - version: 4.0.5 - missing functions: none
symbol engine: initialized successfully - sym options: 0x614 - pdb path: .;C:\Program Files\Java\jdk-20\bin;C:\WINDOWS\SYSTEM32;C:\WINDOWS\WinSxS\amd64_microsoft.windows.common-controls_6595b64144ccf1df_6.0.16299.1120_none_0f8b124e5a6a3e97;C:\Program Files\Java\jdk-20\bin\server

VM Arguments:
jvm_args: -Dfile.encoding=UTF-8 --module-path=C:\Users\Adisu\Documents\NetBeansProjects\ASimulatorSystem\build\classes 
java_command: ASimulatorSystem.Signup2
java_class_path (initial): C:\Users\Adisu\Documents\mysql-connector-j-8.1.0.jar;C:\Users\Adisu\Documents\NetBeansProjects\ASimulatorSystem\build\classes
Launcher Type: SUN_STANDARD

[Global flags]
     intx CICompilerCount                          = 2                                         {product} {ergonomic}
     uint ConcGCThreads                            = 1                                         {product} {ergonomic}
     uint G1ConcRefinementThreads                  = 2                                         {product} {ergonomic}
   size_t G1HeapRegionSize                         = 1048576                                   {product} {ergonomic}
    uintx GCDrainStackTargetSize                   = 64                                        {product} {ergonomic}
   size_t InitialHeapSize                          = 31457280                                  {product} {ergonomic}
   size_t MarkStackSize                            = 4194304                                   {product} {ergonomic}
   size_t MaxHeapSize                              = 492830720                                 {product} {ergonomic}
   size_t MaxNewSize                               = 295698432                                 {product} {ergonomic}
   size_t MinHeapDeltaBytes                        = 1048576                                   {product} {ergonomic}
   size_t MinHeapSize                              = 8388608                                   {product} {ergonomic}
    uintx NonNMethodCodeHeapSize                   = 5826188                                {pd product} {ergonomic}
    uintx NonProfiledCodeHeapSize                  = 122916026                              {pd product} {ergonomic}
    uintx ProfiledCodeHeapSize                     = 122916026                              {pd product} {ergonomic}
    uintx ReservedCodeCacheSize                    = 251658240                              {pd product} {ergonomic}
     bool SegmentedCodeCache                       = true                                      {product} {ergonomic}
   size_t SoftMaxHeapSize                          = 492830720                              {manageable} {ergonomic}
     bool UseCompressedClassPointers               = true                           {product lp64_product} {ergonomic}
     bool UseCompressedOops                        = true                           {product lp64_product} {ergonomic}
     bool UseG1GC                                  = true                                      {product} {ergonomic}
     bool UseLargePagesIndividualAllocation        = false                                  {pd product} {ergonomic}

Logging:
Log output configuration:
 #0: stdout all=warning uptime,level,tags foldmultilines=false
 #1: stderr all=off uptime,level,tags foldmultilines=false

Environment Variables:
PATH=C:\Program Files\Common Files\Oracle\Java\javapath;C:\WINDOWS\system32;C:\WINDOWS;C:\WINDOWS\System32\Wbem;C:\WINDOWS\System32\WindowsPowerShell\v1.0\;C:\Users\Adisu\AppData\Local\Microsoft\WindowsApps
USERNAME=Adisu
OS=Windows_NT
PROCESSOR_IDENTIFIER=Intel64 Family 6 Model 92 Stepping 9, GenuineIntel
TMP=C:\Users\Adisu\AppData\Local\Temp
TEMP=C:\Users\Adisu\AppData\Local\Temp




---------------  S Y S T E M  ---------------

OS:
 Windows 10 , 64 bit Build 16299 (10.0.16299.1127)
OS uptime: 0 days 1:07 hours

CPU: total 2 (initial active 2) (2 cores per cpu, 1 threads per core) family 6 model 92 stepping 9 microcode 0x38, cx8, cmov, fxsr, mmx, 3dnowpref, sse, sse2, sse3, ssse3, sse4.1, sse4.2, popcnt, tsc, tscinvbit, aes, erms, clmul, sha, clflush, clflushopt, rdtscp

Memory: 4k page, system-wide physical 1879M (286M free)
TotalPageFile size 5447M (AvailPageFile size 3M)
current process WorkingSet (physical memory assigned to process): 12M, peak: 71M
current process commit charge ("private bytes"): 123M, peak: 125M

vm_info: Java HotSpot(TM) 64-Bit Server VM (20.0.2+9-78) for windows-amd64 JRE (20.0.2+9-78), built on 2023-06-14T10:08:48Z by "mach5one" with MS VC++ 17.1 (VS2022)

END.
